<?xml version="1.0" encoding="UTF-8"?>
<!-- Generated by org.testng.reporters.JUnitXMLReporter -->
<testsuite ignored="2" hostname="Anh-IT-ngheo-2.local" failures="12" tests="12" name="Surefire test" time="4.324" errors="0" timestamp="2024-07-01T03:11:10 ICT">
  <testcase classname="Tests.ProductLineTest" name="createProductLine" time="1.855">
    <failure type="java.lang.AssertionError" message="expected [201] but found [400]">
      <![CDATA[java.lang.AssertionError: expected [201] but found [400]
at Tests.ProductLineTest.createProductLine(ProductLineTest.java:52)
at java.base/java.util.ArrayList.forEach(ArrayList.java:1597)
... Removed 37 stack frames]]>
    </failure>
  </testcase> <!-- createProductLine -->
  <testcase classname="Tests.ProductLineTest" name="deleteProductLine" time="0.477">
    <failure type="java.lang.AssertionError" message="expected [201] but found [404]">
      <![CDATA[java.lang.AssertionError: expected [201] but found [404]
at Tests.ProductLineTest.deleteProductLine(ProductLineTest.java:94)
at java.base/java.util.ArrayList.forEach(ArrayList.java:1597)
... Removed 37 stack frames]]>
    </failure>
  </testcase> <!-- deleteProductLine -->
  <testcase classname="Tests.ProductLineTest" name="getListProductLineDefault" time="0.243">
    <failure type="java.lang.AssertionError" message="expected [200] but found [404]">
      <![CDATA[java.lang.AssertionError: expected [200] but found [404]
at Tests.ProductLineTest.getListProductLineDefault(ProductLineTest.java:35)
at java.base/java.util.ArrayList.forEach(ArrayList.java:1597)
... Removed 37 stack frames]]>
    </failure>
  </testcase> <!-- getListProductLineDefault -->
  <testcase classname="Tests.ProductLineTest" name="updateProductLine" time="0.166">
    <failure type="java.lang.AssertionError" message="expected [201] but found [404]">
      <![CDATA[java.lang.AssertionError: expected [201] but found [404]
at Tests.ProductLineTest.updateProductLine(ProductLineTest.java:73)
at java.base/java.util.ArrayList.forEach(ArrayList.java:1597)
... Removed 37 stack frames]]>
    </failure>
  </testcase> <!-- updateProductLine -->
  <testcase classname="Tests.BrandTest" name="createBrand" time="0.0">
    <failure type="org.testng.TestNGException" message="
Cannot inject @Test annotated Method [createBrand] with [class java.lang.String].
For more information on native dependency injection please refer to https://testng.org/doc/documentation-main.html#native-dependency-injection">
      <![CDATA[org.testng.TestNGException: 
Cannot inject @Test annotated Method [createBrand] with [class java.lang.String].
For more information on native dependency injection please refer to https://testng.org/doc/documentation-main.html#native-dependency-injection
at java.base/java.util.ArrayList.forEach(ArrayList.java:1597)
... Removed 31 stack frames]]>
    </failure>
  </testcase> <!-- createBrand -->
  <testcase classname="Tests.BrandTest" name="deleteBrand" time="0.239">
    <failure type="java.lang.AssertionError">
      <![CDATA[java.lang.AssertionError
at Tests.BrandTest.deleteBrand(BrandTest.java:120)
at java.base/java.util.ArrayList.forEach(ArrayList.java:1597)
... Removed 30 stack frames]]>
    </failure>
  </testcase> <!-- deleteBrand -->
  <testcase classname="Tests.BrandTest" name="getListBrandDefault" time="0.258">
    <failure type="java.lang.AssertionError" message="
Expected: is &amp;lt;200&amp;gt;
     but: was &amp;lt;404&amp;gt;">
      <![CDATA[java.lang.AssertionError: 
Expected: is <200>
     but: was <404>
at org.hamcrest.MatcherAssert.assertThat(MatcherAssert.java:20)
at org.hamcrest.MatcherAssert.assertThat(MatcherAssert.java:6)
at Tests.BrandTest.getListBrandDefault(BrandTest.java:43)
at java.base/java.util.ArrayList.forEach(ArrayList.java:1597)
... Removed 30 stack frames]]>
    </failure>
  </testcase> <!-- getListBrandDefault -->
  <testcase classname="Tests.BrandTest" name="updateBrand" time="0.29">
    <failure type="java.lang.AssertionError" message="
Expected: is &amp;lt;200&amp;gt;
     but: was &amp;lt;404&amp;gt;">
      <![CDATA[java.lang.AssertionError: 
Expected: is <200>
     but: was <404>
at org.hamcrest.MatcherAssert.assertThat(MatcherAssert.java:20)
at org.hamcrest.MatcherAssert.assertThat(MatcherAssert.java:6)
at Tests.BrandTest.updateBrand(BrandTest.java:93)
at java.base/java.util.ArrayList.forEach(ArrayList.java:1597)
... Removed 30 stack frames]]>
    </failure>
  </testcase> <!-- updateBrand -->
  <testcase classname="Tests.ModelTest" name="createModel" time="0.178">
    <failure type="java.lang.AssertionError" message="expected [201] but found [404]">
      <![CDATA[java.lang.AssertionError: expected [201] but found [404]
at Tests.ModelTest.createModel(ModelTest.java:58)
at java.base/java.util.ArrayList.forEach(ArrayList.java:1597)
... Removed 37 stack frames]]>
    </failure>
  </testcase> <!-- createModel -->
  <testcase classname="Tests.ModelTest" name="deleteModel" time="0.18">
    <failure type="java.lang.AssertionError" message="expected [201] but found [404]">
      <![CDATA[java.lang.AssertionError: expected [201] but found [404]
at Tests.ModelTest.deleteModel(ModelTest.java:96)
at java.base/java.util.ArrayList.forEach(ArrayList.java:1597)
... Removed 37 stack frames]]>
    </failure>
  </testcase> <!-- deleteModel -->
  <testcase classname="Tests.ModelTest" name="getListModelDefault" time="0.214">
    <failure type="java.lang.AssertionError" message="expected [200] but found [404]">
      <![CDATA[java.lang.AssertionError: expected [200] but found [404]
at Tests.ModelTest.getListModelDefault(ModelTest.java:37)
at java.base/java.util.ArrayList.forEach(ArrayList.java:1597)
... Removed 37 stack frames]]>
    </failure>
  </testcase> <!-- getListModelDefault -->
  <testcase classname="Tests.ModelTest" name="updateModel" time="0.202">
    <failure type="java.lang.AssertionError" message="expected [201] but found [404]">
      <![CDATA[java.lang.AssertionError: expected [201] but found [404]
at Tests.ModelTest.updateModel(ModelTest.java:78)
at java.base/java.util.ArrayList.forEach(ArrayList.java:1597)
... Removed 37 stack frames]]>
    </failure>
  </testcase> <!-- updateModel -->
  <testcase classname="APIs.BaseSetup" name="@BeforeSuite setUp" time="0.0">
    <ignored/>
  </testcase> <!-- @BeforeSuite setUp -->
  <testcase classname="APIs.BaseSetup" name="@BeforeSuite setUp" time="0.0">
    <ignored/>
  </testcase> <!-- @BeforeSuite setUp -->
</testsuite> <!-- Surefire test -->
